#
# There is insufficient memory for the Java Runtime Environment to continue.
# Native memory allocation (mmap) failed to map 536870912 bytes for Failed to commit area from 0x0000000600a00000 to 0x0000000620a00000 of length 536870912.
# Possible reasons:
#   The system is out of physical RAM or swap space
#   The process is running with CompressedOops enabled, and the Java Heap may be blocking the growth of the native heap
# Possible solutions:
#   Reduce memory load on the system
#   Increase physical memory or swap space
#   Check if swap backing store is full
#   Decrease Java heap size (-Xmx/-Xms)
#   Decrease number of Java threads
#   Decrease Java thread stack sizes (-Xss)
#   Set larger code cache with -XX:ReservedCodeCacheSize=
# This output file may be truncated or incomplete.
#
#  Out of Memory Error (./src/hotspot/os/windows/os_windows.cpp:3303), pid=8948, tid=2692
#
# JRE version:  (11.0.8+10) (build )
# Java VM: OpenJDK 64-Bit Server VM (11.0.8+10-b944.34, mixed mode, sharing, tiered, compressed oops, g1 gc, windows-amd64)
# No core dump will be written. Minidumps are not enabled by default on client versions of Windows
#

---------------  S U M M A R Y ------------

Command Line: org.jetbrains.git4idea.http.GitAskPassApp Username for 'https://git.epam.com': 

Host: AMD Ryzen 7 3700X 8-Core Processor             , 16 cores, 31G,  Windows 10 , 64 bit Build 17763 (10.0.17763.2452)
Time: Wed Mar 30 17:32:00 2022 RTZ 2 (ceia) elapsed time: 0 seconds (0d 0h 0m 0s)

---------------  T H R E A D  ---------------

Current thread (0x000001c5cddc1800):  JavaThread "Unknown thread" [_thread_in_vm, id=2692, stack(0x0000002c02000000,0x0000002c02100000)]

Stack: [0x0000002c02000000,0x0000002c02100000]
Native frames: (J=compiled Java code, j=interpreted, Vv=VM code, C=native code)
V  [jvm.dll+0x5de35a]
V  [jvm.dll+0x712355]
V  [jvm.dll+0x7138ad]
V  [jvm.dll+0x713f63]
V  [jvm.dll+0x23e628]
V  [jvm.dll+0x5db804]
V  [jvm.dll+0x5d0925]
V  [jvm.dll+0x2faf9b]
V  [jvm.dll+0x2faf0a]
V  [jvm.dll+0x2fade2]
V  [jvm.dll+0x2ffcb6]
V  [jvm.dll+0x3483a3]
V  [jvm.dll+0x348aa6]
V  [jvm.dll+0x3484a3]
V  [jvm.dll+0x2d5be8]
V  [jvm.dll+0x2d6d87]
V  [jvm.dll+0x6f10e7]
V  [jvm.dll+0x6f28dc]
V  [jvm.dll+0x3558f9]
V  [jvm.dll+0x6d492e]
V  [jvm.dll+0x3bdad3]
V  [jvm.dll+0x3bfd01]
C  [jli.dll+0x5373]
C  [ucrtbase.dll+0x2268a]
C  [KERNEL32.DLL+0x17974]
C  [ntdll.dll+0x5a2f1]


---------------  P R O C E S S  ---------------

Threads class SMR info:
_java_thread_list=0x000001c5cdcb5d20, length=0, elements={
}

Java Threads: ( => current thread )

Other Threads:
  0x000001c5cdddb800 GCTaskThread "GC Thread#0" [stack: 0x0000002c02100000,0x0000002c02200000] [id=18568]
  0x000001c5cde5c000 ConcurrentGCThread "G1 Main Marker" [stack: 0x0000002c02200000,0x0000002c02300000] [id=18116]
  0x000001c5cde5f000 ConcurrentGCThread "G1 Conc#0" [stack: 0x0000002c02300000,0x0000002c02400000] [id=11780]

[error occurred during error reporting (printing all threads), id 0xc0000005, EXCEPTION_ACCESS_VIOLATION (0xc0000005) at pc=0x00007fff8bc460c7]

VM state:not at safepoint (not fully initialized)

VM Mutex/Monitor currently owned by a thread:  ([mutex/lock_event])
[0x000001c5cddbe880] Heap_lock - owner thread: 0x000001c5cddc1800

Heap address: 0x0000000600a00000, size: 8182 MB, Compressed Oops mode: Non-zero based: 0x0000000600a00000
Narrow klass base: 0x0000000000000000, Narrow klass shift: 0

GC Heap History (0 events):
No events

Deoptimization events (0 events):
No events

Classes redefined (0 events):
No events

Internal exceptions (0 events):
No events

Events (1 events):
Event: 0.005 Loaded shared library C:\Program Files\JetBrains\WebStorm 2020.2.3\jbr\bin\zip.dll


Dynamic libraries:
0x00007ff74efd0000 - 0x00007ff74efda000 	C:\Program Files\JetBrains\WebStorm 2020.2.3\jbr\bin\java.exe
0x00007fffeae20000 - 0x00007fffeb00d000 	C:\Windows\SYSTEM32\ntdll.dll
0x00007fffbf660000 - 0x00007fffbf676000 	D:\Program Files\AVG\aswhook.dll
0x00007fffea780000 - 0x00007fffea834000 	C:\Windows\System32\KERNEL32.DLL
0x00007fffe71b0000 - 0x00007fffe7444000 	C:\Windows\System32\KERNELBASE.dll
0x00007fffe6eb0000 - 0x00007fffe6faa000 	C:\Windows\System32\ucrtbase.dll
0x00007fffdd680000 - 0x00007fffdd699000 	C:\Program Files\JetBrains\WebStorm 2020.2.3\jbr\bin\jli.dll
0x00007fffc5370000 - 0x00007fffc5387000 	C:\Program Files\JetBrains\WebStorm 2020.2.3\jbr\bin\VCRUNTIME140.dll
0x00007fffe9970000 - 0x00007fffe9b07000 	C:\Windows\System32\USER32.dll
0x00007fffd6970000 - 0x00007fffd6be9000 	C:\Windows\WinSxS\amd64_microsoft.windows.common-controls_6595b64144ccf1df_6.0.17763.2565_none_de7373805349545e\COMCTL32.dll
0x00007fffe9b70000 - 0x00007fffe9c0e000 	C:\Windows\System32\msvcrt.dll
0x00007fffe7fe0000 - 0x00007fffe8000000 	C:\Windows\System32\win32u.dll
0x00007fffea990000 - 0x00007fffeacbd000 	C:\Windows\System32\combase.dll
0x00007fffea960000 - 0x00007fffea989000 	C:\Windows\System32\GDI32.dll
0x00007fffea840000 - 0x00007fffea95d000 	C:\Windows\System32\RPCRT4.dll
0x00007fffe7c40000 - 0x00007fffe7ddc000 	C:\Windows\System32\gdi32full.dll
0x00007fffe7f30000 - 0x00007fffe7fb2000 	C:\Windows\System32\bcryptPrimitives.dll
0x00007fffe7450000 - 0x00007fffe74f0000 	C:\Windows\System32\msvcp_win.dll
0x00007fffe8050000 - 0x00007fffe807e000 	C:\Windows\System32\IMM32.DLL
0x00007fff8a6d0000 - 0x00007fff8a76d000 	C:\Program Files\JetBrains\WebStorm 2020.2.3\jbr\bin\msvcp140.dll
0x00007fff8b960000 - 0x00007fff8c41d000 	C:\Program Files\JetBrains\WebStorm 2020.2.3\jbr\bin\server\jvm.dll
0x00007fffe9c40000 - 0x00007fffe9ce7000 	C:\Windows\System32\ADVAPI32.dll
0x00007fffe98d0000 - 0x00007fffe996f000 	C:\Windows\System32\sechost.dll
0x00007fffe9c30000 - 0x00007fffe9c38000 	C:\Windows\System32\PSAPI.DLL
0x00007fffdebe0000 - 0x00007fffdec04000 	C:\Windows\SYSTEM32\WINMM.dll
0x00007fffe0870000 - 0x00007fffe087a000 	C:\Windows\SYSTEM32\VERSION.dll
0x00007fffd6710000 - 0x00007fffd6719000 	C:\Windows\SYSTEM32\WSOCK32.dll
0x00007fffea210000 - 0x00007fffea27d000 	C:\Windows\System32\WS2_32.dll
0x00007fffdc7b0000 - 0x00007fffdc7dd000 	C:\Windows\SYSTEM32\WINMMBASE.dll
0x00007fffe8000000 - 0x00007fffe804a000 	C:\Windows\System32\cfgmgr32.dll
0x00007fffe6de0000 - 0x00007fffe6df1000 	C:\Windows\System32\kernel.appcore.dll
0x00007fffdd6a0000 - 0x00007fffdd6b1000 	C:\Program Files\JetBrains\WebStorm 2020.2.3\jbr\bin\verify.dll
0x00007fffdb5a0000 - 0x00007fffdb78d000 	C:\Windows\SYSTEM32\DBGHELP.DLL
0x00007fffdb460000 - 0x00007fffdb48a000 	C:\Windows\SYSTEM32\dbgcore.DLL
0x00007fffdd5d0000 - 0x00007fffdd5f9000 	C:\Program Files\JetBrains\WebStorm 2020.2.3\jbr\bin\java.dll
0x00007fffe3ae0000 - 0x00007fffe3aeb000 	C:\Program Files\JetBrains\WebStorm 2020.2.3\jbr\bin\jimage.dll
0x00007fffdd640000 - 0x00007fffdd658000 	C:\Program Files\JetBrains\WebStorm 2020.2.3\jbr\bin\zip.dll

dbghelp: loaded successfully - version: 4.0.5 - missing functions: none
symbol engine: initialized successfully - sym options: 0x614 - pdb path: .;C:\Program Files\JetBrains\WebStorm 2020.2.3\jbr\bin;C:\Windows\SYSTEM32;D:\Program Files\AVG;C:\Windows\WinSxS\amd64_microsoft.windows.common-controls_6595b64144ccf1df_6.0.17763.2565_none_de7373805349545e;C:\Program Files\JetBrains\WebStorm 2020.2.3\jbr\bin\server

VM Arguments:
java_command: org.jetbrains.git4idea.http.GitAskPassApp Username for 'https://git.epam.com': 
java_class_path (initial): C:/Program Files/JetBrains/WebStorm 2020.2.3/plugins/git4idea/lib/git4idea-rt.jar;C:/Program Files/JetBrains/WebStorm 2020.2.3/lib/xmlrpc-2.0.1.jar;C:/Program Files/JetBrains/WebStorm 2020.2.3/lib/commons-codec-1.14.jar
Launcher Type: SUN_STANDARD

[Global flags]
     intx CICompilerCount                          = 12                                        {product} {ergonomic}
     uint ConcGCThreads                            = 3                                         {product} {ergonomic}
     uint G1ConcRefinementThreads                  = 13                                        {product} {ergonomic}
   size_t G1HeapRegionSize                         = 2097152                                   {product} {ergonomic}
    uintx GCDrainStackTargetSize                   = 64                                        {product} {ergonomic}
   size_t InitialHeapSize                          = 536870912                                 {product} {ergonomic}
   size_t MarkStackSize                            = 4194304                                   {product} {ergonomic}
   size_t MaxHeapSize                              = 8579448832                                {product} {ergonomic}
   size_t MinHeapDeltaBytes                        = 2097152                                   {product} {ergonomic}
    uintx NonNMethodCodeHeapSize                   = 7594288                                {pd product} {ergonomic}
    uintx NonProfiledCodeHeapSize                  = 122031976                              {pd product} {ergonomic}
    uintx ProfiledCodeHeapSize                     = 122031976                              {pd product} {ergonomic}
    uintx ReservedCodeCacheSize                    = 251658240                              {pd product} {ergonomic}
     bool SegmentedCodeCache                       = true                                      {product} {ergonomic}
     bool UseCompressedClassPointers               = true                                 {lp64_product} {ergonomic}
     bool UseCompressedOops                        = true                                 {lp64_product} {ergonomic}
     bool UseG1GC                                  = true                                      {product} {ergonomic}
     bool UseLargePagesIndividualAllocation        = false                                  {pd product} {ergonomic}

Logging:
Log output configuration:
 #0: stdout all=warning uptime,level,tags
 #1: stderr all=off uptime,level,tags

Environment Variables:
PATH=D:\Program Files\Git\mingw64\libexec\git-core;D:\Program Files\Git\mingw64\libexec\git-core;D:\Program Files\Git\mingw64\bin;D:\Program Files\Git\usr\bin;C:\Users\Alex\bin;C:\Python39\Scripts;C:\Python39;C:\Windows\system32;C:\Windows;C:\Windows\System32\Wbem;C:\Windows\System32\WindowsPowerShell\v1.0;C:\Windows\System32\OpenSSH;C:\Program Files (x86)\NVIDIA Corporation\PhysX\Common;C:\ProgramData\chocolatey\bin;D:\Program Files\Git\cmd;C:\Users\Alex\AppData\Roaming\nvm;D:\Program Files\Node Version Manager;C:\Users\Alex\AppData\Local\Microsoft\WindowsApps;C:\Program Files\JetBrains\WebStorm 2021.2.3\bin;C:\Users\Alex\AppData\Roaming\nvm;D:\Program Files\Node Version Manager;D:\Program Files\Node js
USERNAME=Alex
DISPLAY=:0.0
LC_ALL=en_US.UTF-8
OS=Windows_NT
PROCESSOR_IDENTIFIER=AMD64 Family 23 Model 113 Stepping 0, AuthenticAMD



---------------  S Y S T E M  ---------------

OS: Windows 10 , 64 bit Build 17763 (10.0.17763.2452)
OS uptime: 4 days 20:26 hours

CPU:total 16 (initial active 16) (16 cores per cpu, 2 threads per core) family 23 model 113 stepping 0, cmov, cx8, fxsr, mmx, sse, sse2, sse3, ssse3, sse4.1, sse4.2, popcnt, avx, avx2, aes, clmul, mmxext, 3dnowpref, lzcnt, sse4a, ht, tsc, tscinvbit, tscinv, bmi1, bmi2, adx, sha, fma

Memory: 4k page, system-wide physical 32720M (11167M free)
TotalPageFile size 32720M (AvailPageFile size 285M)
current process WorkingSet (physical memory assigned to process): 10M, peak: 10M
current process commit charge ("private bytes"): 71M, peak: 583M

vm_info: OpenJDK 64-Bit Server VM (11.0.8+10-b944.34) for windows-amd64 JRE (11.0.8+10-b944.34), built on Sep 11 2020 15:32:11 by "" with MS VC++ 14.0 (VS2015)

END.
